{"level":"info","message":"Hello from Acquisions!","service":"acquisitions-api"}
{"level":"info","message":"::1 - - [10/Jun/2026:15:07:56 +0000] \"GET / HTTP/1.1\" 304 - \"-\" \"Mozilla/5.0 (Macintosh; Intel Mac OS X 10_15_7) AppleWebKit/537.36 (KHTML, like Gecko) Chrome/148.0.0.0 Safari/537.36\"","service":"acquisitions-api"}
{"level":"info","message":"Hello from Acquisions!","service":"acquisitions-api"}
{"level":"info","message":"::1 - - [10/Jun/2026:15:08:06 +0000] \"GET / HTTP/1.1\" 304 - \"-\" \"Mozilla/5.0 (Macintosh; Intel Mac OS X 10_15_7) AppleWebKit/537.36 (KHTML, like Gecko) Chrome/148.0.0.0 Safari/537.36\"","service":"acquisitions-api"}
{"level":"info","message":"Hello from Acquisions!","service":"acquisitions-api","timestamp":"2026-06-10T15:11:46.316Z"}
{"level":"info","message":"::1 - - [10/Jun/2026:15:11:46 +0000] \"GET / HTTP/1.1\" 304 - \"-\" \"Mozilla/5.0 (Macintosh; Intel Mac OS X 10_15_7) AppleWebKit/537.36 (KHTML, like Gecko) Chrome/148.0.0.0 Safari/537.36\"","service":"acquisitions-api","timestamp":"2026-06-10T15:11:46.322Z"}
{"level":"info","message":"Hello from Acquisions!","service":"acquisitions-api","timestamp":"2026-06-10T15:12:59.031Z"}
{"level":"info","message":"::1 - - [10/Jun/2026:15:12:59 +0000] \"GET / HTTP/1.1\" 304 - \"-\" \"Mozilla/5.0 (Macintosh; Intel Mac OS X 10_15_7) AppleWebKit/537.36 (KHTML, like Gecko) Chrome/148.0.0.0 Safari/537.36\"","service":"acquisitions-api","timestamp":"2026-06-10T15:12:59.032Z"}
{"level":"info","message":"Hello from Acquisions!","service":"acquisitions-api","timestamp":"2026-06-10T15:16:47.561Z"}
{"level":"info","message":"::1 - - [10/Jun/2026:15:16:47 +0000] \"GET / HTTP/1.1\" 304 - \"-\" \"Mozilla/5.0 (Macintosh; Intel Mac OS X 10_15_7) AppleWebKit/537.36 (KHTML, like Gecko) Chrome/148.0.0.0 Safari/537.36\"","service":"acquisitions-api","timestamp":"2026-06-10T15:16:47.574Z"}
{"level":"info","message":"Hello from Acquisions!","service":"acquisitions-api","timestamp":"2026-06-11T10:44:33.382Z"}
{"level":"info","message":"::1 - - [11/Jun/2026:10:44:33 +0000] \"GET / HTTP/1.1\" 200 26 \"-\" \"PostmanRuntime/7.51.1\"","service":"acquisitions-api","timestamp":"2026-06-11T10:44:33.399Z"}
{"level":"info","message":"Hello from Acquisions!","service":"acquisitions-api","timestamp":"2026-06-11T10:44:44.080Z"}
{"level":"info","message":"::1 - - [11/Jun/2026:10:44:44 +0000] \"GET / HTTP/1.1\" 200 26 \"-\" \"PostmanRuntime/7.51.1\"","service":"acquisitions-api","timestamp":"2026-06-11T10:44:44.083Z"}
{"level":"info","message":"::1 - - [11/Jun/2026:10:44:47 +0000] \"GET /api HTTP/1.1\" 404 142 \"-\" \"PostmanRuntime/7.51.1\"","service":"acquisitions-api","timestamp":"2026-06-11T10:44:47.019Z"}
{"level":"info","message":"Hello from Acquisions!","service":"acquisitions-api","timestamp":"2026-06-11T10:44:52.766Z"}
{"level":"info","message":"::1 - - [11/Jun/2026:10:44:52 +0000] \"GET / HTTP/1.1\" 200 26 \"-\" \"PostmanRuntime/7.51.1\"","service":"acquisitions-api","timestamp":"2026-06-11T10:44:52.773Z"}
{"level":"info","message":"Hello from Acquisions!","service":"acquisitions-api","timestamp":"2026-06-11T10:44:55.025Z"}
{"level":"info","message":"::1 - - [11/Jun/2026:10:44:55 +0000] \"GET / HTTP/1.1\" 200 26 \"-\" \"PostmanRuntime/7.51.1\"","service":"acquisitions-api","timestamp":"2026-06-11T10:44:55.027Z"}
{"level":"info","message":"Hello from Acquisions!","service":"acquisitions-api","timestamp":"2026-06-11T10:44:57.118Z"}
{"level":"info","message":"::1 - - [11/Jun/2026:10:44:57 +0000] \"GET / HTTP/1.1\" 200 26 \"-\" \"PostmanRuntime/7.51.1\"","service":"acquisitions-api","timestamp":"2026-06-11T10:44:57.121Z"}
{"level":"info","message":"Hello from Acquisions!","service":"acquisitions-api","timestamp":"2026-06-11T10:47:45.832Z"}
{"level":"info","message":"::1 - - [11/Jun/2026:10:47:45 +0000] \"GET / HTTP/1.1\" 200 26 \"-\" \"PostmanRuntime/7.54.0\"","service":"acquisitions-api","timestamp":"2026-06-11T10:47:45.845Z"}
{"level":"info","message":"::1 - - [11/Jun/2026:10:47:49 +0000] \"GET /api HTTP/1.1\" 200 26 \"-\" \"PostmanRuntime/7.54.0\"","service":"acquisitions-api","timestamp":"2026-06-11T10:47:49.719Z"}
{"level":"info","message":"::1 - - [11/Jun/2026:10:48:03 +0000] \"GET /api/auth/sign-up HTTP/1.1\" 404 155 \"-\" \"PostmanRuntime/7.54.0\"","service":"acquisitions-api","timestamp":"2026-06-11T10:48:03.091Z"}
{"level":"info","message":"::1 - - [11/Jun/2026:10:48:10 +0000] \"POST /api/auth/sign-up HTTP/1.1\" 200 30 \"-\" \"PostmanRuntime/7.54.0\"","service":"acquisitions-api","timestamp":"2026-06-11T10:48:10.380Z"}
{"level":"info","message":"::1 - - [11/Jun/2026:10:48:16 +0000] \"POST /api/auth/sign-in HTTP/1.1\" 200 30 \"-\" \"PostmanRuntime/7.54.0\"","service":"acquisitions-api","timestamp":"2026-06-11T10:48:16.563Z"}
{"level":"info","message":"::1 - - [11/Jun/2026:10:48:20 +0000] \"POST /api/auth/sign-out HTTP/1.1\" 200 31 \"-\" \"PostmanRuntime/7.54.0\"","service":"acquisitions-api","timestamp":"2026-06-11T10:48:20.881Z"}
{"level":"info","message":"::1 - - [11/Jun/2026:10:48:31 +0000] \"GET /api/ HTTP/1.1\" 200 26 \"-\" \"PostmanRuntime/7.54.0\"","service":"acquisitions-api","timestamp":"2026-06-11T10:48:31.969Z"}
{"level":"info","message":"::1 - - [11/Jun/2026:10:49:38 +0000] \"GET /health HTTP/1.1\" 200 77 \"-\" \"PostmanRuntime/7.54.0\"","service":"acquisitions-api","timestamp":"2026-06-11T10:49:38.999Z"}
{"level":"info","message":"::1 - - [12/Jun/2026:10:35:14 +0000] \"POST /api/auth/sign-up HTTP/1.1\" 400 92 \"-\" \"PostmanRuntime/7.54.0\"","service":"acquisitions-api","timestamp":"2026-06-12T10:35:14.882Z"}
{"level":"info","message":"::1 - - [12/Jun/2026:10:36:07 +0000] \"POST /api/auth/sign-up HTTP/1.1\" 400 92 \"-\" \"PostmanRuntime/7.54.0\"","service":"acquisitions-api","timestamp":"2026-06-12T10:36:07.629Z"}
{"level":"info","message":"::1 - - [12/Jun/2026:10:38:36 +0000] \"POST /api/auth/sign-up HTTP/1.1\" 400 92 \"-\" \"PostmanRuntime/7.54.0\"","service":"acquisitions-api","timestamp":"2026-06-12T10:38:36.049Z"}
{"level":"info","message":"::1 - - [12/Jun/2026:10:42:30 +0000] \"POST /api/auth/sign-up HTTP/1.1\" 400 92 \"-\" \"PostmanRuntime/7.54.0\"","service":"acquisitions-api","timestamp":"2026-06-12T10:42:30.780Z"}
{"level":"info","message":"User muqeetryan@email.com created successfully","service":"acquisitions-api","timestamp":"2026-06-12T10:46:24.560Z"}
{"level":"error","message":"Failed to authenticate token secretOrPrivateKey must have a value","service":"acquisitions-api","stack":"Error: secretOrPrivateKey must have a value\n    at module.exports [as sign] (/Users/ryan/Downloads/acquisitions/node_modules/jsonwebtoken/sign.js:111:20)\n    at Object.sign (file:///Users/ryan/Downloads/acquisitions/src/utils/jwt.js:10:18)\n    at signup (file:///Users/ryan/Downloads/acquisitions/src/controllers/auth.controller.js:23:28)\n    at process.processTicksAndRejections (node:internal/process/task_queues:95:5)","timestamp":"2026-06-12T10:46:24.562Z"}
{"level":"error","message":"Signup error Failed to authenticate token","service":"acquisitions-api","stack":"Error: Failed to authenticate token\n    at Object.sign (file:///Users/ryan/Downloads/acquisitions/src/utils/jwt.js:13:13)\n    at signup (file:///Users/ryan/Downloads/acquisitions/src/controllers/auth.controller.js:23:28)\n    at process.processTicksAndRejections (node:internal/process/task_queues:95:5)","timestamp":"2026-06-12T10:46:24.562Z"}
{"level":"info","message":"::1 - - [12/Jun/2026:10:46:24 +0000] \"POST /api/auth/sign-up HTTP/1.1\" 500 468 \"-\" \"PostmanRuntime/7.54.0\"","service":"acquisitions-api","timestamp":"2026-06-12T10:46:24.564Z"}
{"level":"error","message":"Error creating the user: Error: User with this email already exists","service":"acquisitions-api","timestamp":"2026-06-12T10:48:33.201Z"}
{"level":"error","message":"Signup error User with this email already exists","service":"acquisitions-api","stack":"Error: User with this email already exists\n    at createUser (file:///Users/ryan/Downloads/acquisitions/src/services/auth.service.js:34:13)\n    at process.processTicksAndRejections (node:internal/process/task_queues:95:5)\n    at async signup (file:///Users/ryan/Downloads/acquisitions/src/controllers/auth.controller.js:21:18)","timestamp":"2026-06-12T10:48:33.204Z"}
{"level":"info","message":"::1 - - [12/Jun/2026:10:48:33 +0000] \"POST /api/auth/sign-up HTTP/1.1\" 409 31 \"-\" \"PostmanRuntime/7.54.0\"","service":"acquisitions-api","timestamp":"2026-06-12T10:48:33.209Z"}
{"level":"error","message":"Error creating the user: Error: User with this email already exists","service":"acquisitions-api","timestamp":"2026-06-12T10:48:59.695Z"}
{"level":"error","message":"Signup error User with this email already exists","service":"acquisitions-api","stack":"Error: User with this email already exists\n    at createUser (file:///Users/ryan/Downloads/acquisitions/src/services/auth.service.js:34:13)\n    at process.processTicksAndRejections (node:internal/process/task_queues:95:5)\n    at async signup (file:///Users/ryan/Downloads/acquisitions/src/controllers/auth.controller.js:21:18)","timestamp":"2026-06-12T10:48:59.696Z"}
{"level":"info","message":"::1 - - [12/Jun/2026:10:48:59 +0000] \"POST /api/auth/sign-up HTTP/1.1\" 409 31 \"-\" \"PostmanRuntime/7.54.0\"","service":"acquisitions-api","timestamp":"2026-06-12T10:48:59.698Z"}
{"level":"info","message":"User muqeetryan@owner.com created successfully","service":"acquisitions-api","timestamp":"2026-06-12T10:49:07.960Z"}
{"level":"info","message":"User registered successfully: muqeetryan@owner.com","service":"acquisitions-api","timestamp":"2026-06-12T10:49:07.963Z"}
{"level":"info","message":"::1 - - [12/Jun/2026:10:49:07 +0000] \"POST /api/auth/sign-up HTTP/1.1\" 201 105 \"-\" \"PostmanRuntime/7.54.0\"","service":"acquisitions-api","timestamp":"2026-06-12T10:49:07.964Z"}
{"level":"info","message":"User muqeetryan@user.com created successfully","service":"acquisitions-api","timestamp":"2026-06-12T10:56:32.145Z"}
{"level":"info","message":"User registered successfully: muqeetryan@user.com","service":"acquisitions-api","timestamp":"2026-06-12T10:56:32.153Z"}
{"level":"info","message":"::1 - - [12/Jun/2026:10:56:32 +0000] \"POST /api/auth/sign-up HTTP/1.1\" 201 103 \"-\" \"PostmanRuntime/7.54.0\"","service":"acquisitions-api","timestamp":"2026-06-12T10:56:32.155Z"}
{"level":"info","message":"::1 - - [12/Jun/2026:11:40:18 +0000] \"POST /api/auth/sign-in HTTP/1.1\" 400 92 \"-\" \"PostmanRuntime/7.54.0\"","service":"acquisitions-api","timestamp":"2026-06-12T11:40:18.021Z"}
{"level":"info","message":"::1 - - [12/Jun/2026:11:40:39 +0000] \"POST /api/auth/sign-in HTTP/1.1\" 400 92 \"-\" \"PostmanRuntime/7.54.0\"","service":"acquisitions-api","timestamp":"2026-06-12T11:40:39.264Z"}
{"level":"info","message":"::1 - - [12/Jun/2026:11:40:55 +0000] \"POST /api/auth/sign-in HTTP/1.1\" 400 92 \"-\" \"PostmanRuntime/7.54.0\"","service":"acquisitions-api","timestamp":"2026-06-12T11:40:55.987Z"}
{"level":"error","message":"Error authenticating user: Error: User not found","service":"acquisitions-api","timestamp":"2026-06-12T11:41:26.552Z"}
{"level":"error","message":"Sign in error User not found","service":"acquisitions-api","stack":"Error: User not found\n    at authenticateUser (file:///Users/ryan/Downloads/acquisitions/src/services/auth.service.js:66:13)\n    at process.processTicksAndRejections (node:internal/process/task_queues:95:5)\n    at async signIn (file:///Users/ryan/Downloads/acquisitions/src/controllers/auth.controller.js:65:18)","timestamp":"2026-06-12T11:41:26.553Z"}
{"level":"info","message":"::1 - - [12/Jun/2026:11:41:26 +0000] \"POST /api/auth/sign-in HTTP/1.1\" 401 31 \"-\" \"PostmanRuntime/7.54.0\"","service":"acquisitions-api","timestamp":"2026-06-12T11:41:26.555Z"}
{"level":"info","message":"User muqeetryan@another.com created successfully","service":"acquisitions-api","timestamp":"2026-06-12T11:41:30.102Z"}
{"level":"info","message":"User registered successfully: muqeetryan@another.com","service":"acquisitions-api","timestamp":"2026-06-12T11:41:30.104Z"}
{"level":"info","message":"::1 - - [12/Jun/2026:11:41:30 +0000] \"POST /api/auth/sign-up HTTP/1.1\" 201 106 \"-\" \"PostmanRuntime/7.54.0\"","service":"acquisitions-api","timestamp":"2026-06-12T11:41:30.105Z"}
{"level":"info","message":"::1 - - [12/Jun/2026:11:41:41 +0000] \"POST /api/auth/sign-up HTTP/1.1\" 400 92 \"-\" \"PostmanRuntime/7.54.0\"","service":"acquisitions-api","timestamp":"2026-06-12T11:41:41.211Z"}
{"level":"info","message":"User muqeetryan@another.com authenticated successfully","service":"acquisitions-api","timestamp":"2026-06-12T11:42:01.699Z"}
{"level":"info","message":"User signed in successfully: muqeetryan@another.com","service":"acquisitions-api","timestamp":"2026-06-12T11:42:01.700Z"}
{"level":"info","message":"::1 - - [12/Jun/2026:11:42:01 +0000] \"POST /api/auth/sign-in HTTP/1.1\" 200 118 \"-\" \"PostmanRuntime/7.54.0\"","service":"acquisitions-api","timestamp":"2026-06-12T11:42:01.701Z"}
{"level":"info","message":"User signed out successfully","service":"acquisitions-api","timestamp":"2026-06-12T11:43:04.950Z"}
{"level":"info","message":"::1 - - [12/Jun/2026:11:43:04 +0000] \"POST /api/auth/sign-out HTTP/1.1\" 200 42 \"-\" \"PostmanRuntime/7.54.0\"","service":"acquisitions-api","timestamp":"2026-06-12T11:43:04.955Z"}
{"level":"error","message":"Error authenticating user: Error: Invalid password","service":"acquisitions-api","timestamp":"2026-06-12T11:43:18.121Z"}
{"level":"error","message":"Sign in error Invalid password","service":"acquisitions-api","stack":"Error: Invalid password\n    at authenticateUser (file:///Users/ryan/Downloads/acquisitions/src/services/auth.service.js:75:13)\n    at async signIn (file:///Users/ryan/Downloads/acquisitions/src/controllers/auth.controller.js:65:18)","timestamp":"2026-06-12T11:43:18.121Z"}
{"level":"info","message":"::1 - - [12/Jun/2026:11:43:18 +0000] \"POST /api/auth/sign-in HTTP/1.1\" 401 31 \"-\" \"PostmanRuntime/7.54.0\"","service":"acquisitions-api","timestamp":"2026-06-12T11:43:18.122Z"}
{"level":"info","message":"User muqeetryan@owner.com authenticated successfully","service":"acquisitions-api","timestamp":"2026-06-12T11:43:26.903Z"}
{"level":"info","message":"User signed in successfully: muqeetryan@owner.com","service":"acquisitions-api","timestamp":"2026-06-12T11:43:26.904Z"}
{"level":"info","message":"::1 - - [12/Jun/2026:11:43:26 +0000] \"POST /api/auth/sign-in HTTP/1.1\" 200 117 \"-\" \"PostmanRuntime/7.54.0\"","service":"acquisitions-api","timestamp":"2026-06-12T11:43:26.904Z"}
{"level":"info","message":"User signed out successfully","service":"acquisitions-api","timestamp":"2026-06-12T11:43:35.700Z"}
{"level":"info","message":"::1 - - [12/Jun/2026:11:43:35 +0000] \"POST /api/auth/sign-out HTTP/1.1\" 200 42 \"-\" \"PostmanRuntime/7.54.0\"","service":"acquisitions-api","timestamp":"2026-06-12T11:43:35.702Z"}
